SF:lib/common/util/data/drift.g.dart
DA:11,1
DA:14,2
DA:16,1
DA:21,1
DA:27,2
DA:29,1
DA:38,2
DA:40,1
DA:50,2
DA:52,1
DA:61,2
DA:63,1
DA:73,2
DA:75,1
DA:85,2
DA:87,1
DA:97,2
DA:99,1
DA:109,2
DA:111,1
DA:120,2
DA:122,1
DA:131,2
DA:133,1
DA:143,2
DA:145,1
DA:155,2
DA:157,1
DA:167,2
DA:169,1
DA:178,1
DA:179,1
DA:181,1
DA:191,2
DA:193,1
DA:197,0
DA:199,1
DA:200,1
DA:201,1
DA:202,1
DA:203,1
DA:204,1
DA:205,1
DA:206,1
DA:207,1
DA:208,1
DA:209,1
DA:210,1
DA:211,1
DA:212,1
DA:213,1
DA:214,1
DA:215,1
DA:216,1
DA:218,1
DA:219,2
DA:220,1
DA:223,0
DA:228,0
DA:229,0
DA:230,0
DA:231,0
DA:233,0
DA:234,0
DA:236,0
DA:239,0
DA:241,0
DA:242,0
DA:244,0
DA:247,0
DA:248,0
DA:250,0
DA:253,0
DA:255,0
DA:256,0
DA:258,0
DA:261,0
DA:262,0
DA:264,0
DA:267,0
DA:268,0
DA:270,0
DA:273,0
DA:274,0
DA:276,0
DA:279,0
DA:280,0
DA:282,0
DA:285,0
DA:286,0
DA:288,0
DA:291,0
DA:292,0
DA:294,0
DA:297,0
DA:298,0
DA:300,0
DA:301,0
DA:306,0
DA:307,0
DA:309,0
DA:310,0
DA:315,0
DA:316,0
DA:318,0
DA:319,0
DA:324,0
DA:325,0
DA:327,0
DA:328,0
DA:333,0
DA:334,0
DA:336,0
DA:342,1
DA:343,1
DA:344,0
DA:346,0
DA:347,0
DA:348,0
DA:350,0
DA:352,0
DA:354,0
DA:356,0
DA:358,0
DA:360,0
DA:362,0
DA:364,0
DA:366,0
DA:368,0
DA:370,0
DA:372,0
DA:374,0
DA:376,0
DA:378,0
DA:380,0
DA:382,0
DA:384,0
DA:386,0
DA:388,0
DA:390,0
DA:392,0
DA:394,0
DA:396,0
DA:398,0
DA:400,0
DA:402,0
DA:404,0
DA:406,0
DA:408,0
DA:410,0
DA:415,0
DA:417,0
DA:447,0
DA:465,0
DA:467,0
DA:468,0
DA:469,0
DA:470,0
DA:471,0
DA:472,0
DA:473,0
DA:474,0
DA:475,0
DA:476,0
DA:477,0
DA:479,0
DA:480,0
DA:482,0
DA:483,0
DA:484,0
DA:485,0
DA:486,0
DA:487,0
DA:491,0
DA:492,0
DA:493,0
DA:494,0
DA:495,0
DA:496,0
DA:497,0
DA:498,0
DA:499,0
DA:500,0
DA:501,0
DA:503,0
DA:504,0
DA:506,0
DA:507,0
DA:508,0
DA:509,0
DA:510,0
DA:511,0
DA:512,0
DA:516,0
DA:520,0
DA:521,0
DA:522,0
DA:523,0
DA:524,0
DA:525,0
DA:526,0
DA:527,0
DA:528,0
DA:529,0
DA:530,0
DA:531,0
DA:532,0
DA:533,0
DA:534,0
DA:535,0
DA:536,0
DA:537,0
DA:539,0
DA:542,0
DA:544,0
DA:545,0
DA:546,0
DA:547,0
DA:548,0
DA:549,0
DA:550,0
DA:551,0
DA:552,0
DA:553,0
DA:554,0
DA:555,0
DA:556,0
DA:557,0
DA:558,0
DA:559,0
DA:560,0
DA:561,0
DA:565,0
DA:582,0
DA:583,0
DA:584,0
DA:585,0
DA:586,0
DA:587,0
DA:588,0
DA:589,0
DA:590,0
DA:591,0
DA:592,0
DA:593,0
DA:594,0
DA:595,0
DA:596,0
DA:597,0
DA:598,0
DA:600,0
DA:601,0
DA:602,0
DA:603,0
DA:604,0
DA:605,0
DA:606,0
DA:607,0
DA:608,0
DA:609,0
DA:610,0
DA:611,0
DA:612,0
DA:613,0
DA:614,0
DA:615,0
DA:616,0
DA:617,0
DA:618,0
DA:619,0
DA:620,0
DA:621,0
DA:622,0
DA:623,0
DA:624,0
DA:625,0
DA:626,0
DA:627,0
DA:631,0
DA:633,0
DA:634,0
DA:635,0
DA:636,0
DA:637,0
DA:638,0
DA:639,0
DA:640,0
DA:641,0
DA:642,0
DA:643,0
DA:644,0
DA:645,0
DA:646,0
DA:647,0
DA:648,0
DA:649,0
DA:650,0
DA:651,0
DA:654,0
DA:655,0
DA:656,0
DA:657,0
DA:658,0
DA:659,0
DA:660,0
DA:661,0
DA:662,0
DA:663,0
DA:664,0
DA:665,0
DA:666,0
DA:667,0
DA:668,0
DA:669,0
DA:670,0
DA:671,0
DA:673,0
DA:676,0
DA:677,0
DA:678,0
DA:679,0
DA:680,0
DA:681,0
DA:682,0
DA:683,0
DA:684,0
DA:685,0
DA:686,0
DA:687,0
DA:688,0
DA:689,0
DA:690,0
DA:691,0
DA:692,0
DA:712,0
DA:730,0
DA:747,0
DA:748,0
DA:749,0
DA:767,0
DA:768,0
DA:769,0
DA:770,0
DA:771,0
DA:772,0
DA:773,0
DA:774,0
DA:775,0
DA:776,0
DA:777,0
DA:778,0
DA:779,0
DA:780,0
DA:781,0
DA:783,0
DA:784,0
DA:788,0
DA:806,0
DA:807,0
DA:808,0
DA:809,0
DA:810,0
DA:811,0
DA:812,0
DA:813,0
DA:814,0
DA:815,0
DA:816,0
DA:817,0
DA:818,0
DA:819,0
DA:820,0
DA:821,0
DA:822,0
DA:826,0
DA:828,0
DA:829,0
DA:830,0
DA:832,0
DA:833,0
DA:835,0
DA:836,0
DA:838,0
DA:839,0
DA:841,0
DA:842,0
DA:844,0
DA:845,0
DA:847,0
DA:848,0
DA:850,0
DA:851,0
DA:853,0
DA:854,0
DA:856,0
DA:857,0
DA:859,0
DA:860,0
DA:862,0
DA:863,0
DA:865,0
DA:866,0
DA:868,0
DA:869,0
DA:871,0
DA:872,0
DA:874,0
DA:875,0
DA:880,0
DA:882,0
DA:883,0
DA:884,0
DA:885,0
DA:886,0
DA:887,0
DA:888,0
DA:889,0
DA:890,0
DA:891,0
DA:892,0
DA:893,0
DA:894,0
DA:895,0
DA:896,0
DA:897,0
DA:898,0
DA:899,0
DA:900,0
DA:908,1
DA:911,2
DA:913,1
DA:918,1
DA:926,2
DA:928,1
DA:937,2
DA:939,1
DA:944,1
DA:945,4
DA:946,1
DA:947,2
DA:948,1
DA:951,0
DA:956,0
DA:957,0
DA:958,0
DA:959,0
DA:961,0
DA:962,0
DA:964,0
DA:967,0
DA:969,0
DA:970,0
DA:972,0
DA:975,0
DA:980,1
DA:981,1
DA:982,0
DA:984,0
DA:985,0
DA:986,0
DA:988,0
DA:990,0
DA:992,0
DA:994,0
DA:996,0
DA:1001,0
DA:1003,0
DA:1016,0
DA:1021,0
DA:1023,0
DA:1024,0
DA:1025,0
DA:1026,0
DA:1030,0
DA:1031,0
DA:1032,0
DA:1033,0
DA:1034,0
DA:1038,0
DA:1042,0
DA:1043,0
DA:1044,0
DA:1045,0
DA:1046,0
DA:1049,0
DA:1051,0
DA:1052,0
DA:1053,0
DA:1054,0
DA:1055,0
DA:1059,0
DA:1060,0
DA:1061,0
DA:1062,0
DA:1064,0
DA:1065,0
DA:1066,0
DA:1067,0
DA:1068,0
DA:1072,0
DA:1074,0
DA:1075,0
DA:1076,0
DA:1077,0
DA:1078,0
DA:1079,0
DA:1082,0
DA:1083,0
DA:1084,0
DA:1087,0
DA:1088,0
DA:1089,0
DA:1090,0
DA:1097,0
DA:1102,0
DA:1106,0
DA:1107,0
DA:1108,0
DA:1113,0
DA:1114,0
DA:1115,0
DA:1116,0
DA:1120,0
DA:1125,0
DA:1126,0
DA:1127,0
DA:1128,0
DA:1132,0
DA:1134,0
DA:1135,0
DA:1136,0
DA:1138,0
DA:1139,0
DA:1141,0
DA:1142,0
DA:1147,0
DA:1149,0
DA:1150,0
DA:1151,0
DA:1152,0
DA:1153,0
DA:1154,0
DA:1162,1
DA:1165,2
DA:1167,1
DA:1172,1
DA:1180,2
DA:1182,1
DA:1192,2
DA:1194,1
DA:1198,1
DA:1205,2
DA:1207,1
DA:1211,1
DA:1218,2
DA:1220,1
DA:1228,2
DA:1230,1
DA:1237,1
DA:1238,1
DA:1240,1
DA:1245,2
DA:1250,2
DA:1252,1
DA:1261,2
DA:1263,1
DA:1268,1
DA:1269,1
DA:1270,1
DA:1271,1
DA:1272,1
DA:1273,1
DA:1274,1
DA:1275,1
DA:1276,1
DA:1277,1
DA:1278,1
DA:1280,1
DA:1281,2
DA:1282,1
DA:1285,0
DA:1290,0
DA:1291,0
DA:1292,0
DA:1293,0
DA:1295,0
DA:1296,0
DA:1298,0
DA:1301,0
DA:1302,0
DA:1304,0
DA:1305,0
DA:1310,0
DA:1311,0
DA:1313,0
DA:1316,0
DA:1317,0
DA:1319,0
DA:1322,0
DA:1323,0
DA:1325,0
DA:1328,0
DA:1329,0
DA:1331,0
DA:1332,0
DA:1337,0
DA:1338,0
DA:1340,0
DA:1346,1
DA:1347,1
DA:1348,0
DA:1350,0
DA:1351,0
DA:1352,0
DA:1354,0
DA:1356,0
DA:1358,0
DA:1360,0
DA:1362,0
DA:1364,0
DA:1366,0
DA:1368,0
DA:1370,0
DA:1372,0
DA:1374,0
DA:1376,0
DA:1377,0
DA:1379,0
DA:1382,0
DA:1384,0
DA:1386,0
DA:1388,0
DA:1393,0
DA:1395,0
DA:1398,2
DA:1430,0
DA:1441,0
DA:1443,0
DA:1444,0
DA:1445,0
DA:1447,0
DA:1448,0
DA:1449,0
DA:1450,0
DA:1451,0
DA:1453,0
DA:1454,0
DA:1457,0
DA:1458,0
DA:1460,0
DA:1461,0
DA:1466,0
DA:1467,0
DA:1468,0
DA:1469,0
DA:1470,0
DA:1471,0
DA:1472,0
DA:1473,0
DA:1474,0
DA:1475,0
DA:1477,0
DA:1478,0
DA:1480,0
DA:1484,0
DA:1488,0
DA:1489,0
DA:1490,0
DA:1491,0
DA:1492,0
DA:1493,0
DA:1494,0
DA:1495,0
DA:1496,0
DA:1497,0
DA:1499,0
DA:1500,0
DA:1503,0
DA:1505,0
DA:1506,0
DA:1507,0
DA:1508,0
DA:1509,0
DA:1510,0
DA:1511,0
DA:1512,0
DA:1513,0
DA:1514,0
DA:1516,0
DA:1517,0
DA:1521,0
DA:1531,0
DA:1532,0
DA:1533,0
DA:1534,0
DA:1535,0
DA:1536,0
DA:1537,0
DA:1538,0
DA:1539,0
DA:1540,0
DA:1542,0
DA:1543,0
DA:1544,0
DA:1545,0
DA:1546,0
DA:1547,0
DA:1548,0
DA:1549,0
DA:1550,0
DA:1551,0
DA:1552,0
DA:1553,0
DA:1554,0
DA:1555,0
DA:1556,0
DA:1557,0
DA:1558,0
DA:1562,0
DA:1564,0
DA:1565,0
DA:1566,0
DA:1567,0
DA:1568,0
DA:1569,0
DA:1570,0
DA:1571,0
DA:1572,0
DA:1573,0
DA:1574,0
DA:1575,0
DA:1578,0
DA:1579,0
DA:1580,0
DA:1581,0
DA:1582,0
DA:1583,0
DA:1584,0
DA:1585,0
DA:1586,0
DA:1587,0
DA:1588,0
DA:1590,0
DA:1593,0
DA:1594,0
DA:1595,0
DA:1596,0
DA:1597,0
DA:1598,0
DA:1599,0
DA:1600,0
DA:1601,0
DA:1602,0
DA:1615,0
DA:1626,0
DA:1637,0
DA:1648,0
DA:1649,0
DA:1650,0
DA:1651,0
DA:1652,0
DA:1653,0
DA:1654,0
DA:1655,0
DA:1656,0
DA:1657,0
DA:1661,0
DA:1672,0
DA:1673,0
DA:1674,0
DA:1675,0
DA:1676,0
DA:1677,0
DA:1678,0
DA:1679,0
DA:1680,0
DA:1681,0
DA:1685,0
DA:1687,0
DA:1688,0
DA:1689,0
DA:1691,0
DA:1692,0
DA:1694,0
DA:1695,0
DA:1697,0
DA:1698,0
DA:1700,0
DA:1701,0
DA:1703,0
DA:1704,0
DA:1706,0
DA:1707,0
DA:1708,0
DA:1711,0
DA:1712,0
DA:1714,0
DA:1715,0
DA:1720,0
DA:1722,0
DA:1723,0
DA:1724,0
DA:1725,0
DA:1726,0
DA:1727,0
DA:1728,0
DA:1729,0
DA:1730,0
DA:1731,0
DA:1732,0
DA:1733,0
DA:1742,1
DA:1745,2
DA:1747,1
DA:1754,2
DA:1756,1
DA:1763,1
DA:1764,1
DA:1766,1
DA:1770,2
DA:1773,2
DA:1775,1
DA:1784,2
DA:1786,1
DA:1792,1
DA:1793,1
DA:1795,1
DA:1800,2
DA:1802,1
DA:1803,1
DA:1805,1
DA:1809,2
DA:1814,2
DA:1816,1
DA:1825,2
DA:1827,1
DA:1835,2
DA:1837,1
DA:1841,1
DA:1846,1
DA:1847,1
DA:1848,1
DA:1849,1
DA:1850,1
DA:1851,1
DA:1852,1
DA:1853,1
DA:1854,1
DA:1855,1
DA:1856,1
DA:1857,1
DA:1859,1
DA:1860,2
DA:1861,1
DA:1864,0
DA:1869,0
DA:1870,0
DA:1871,0
DA:1872,0
DA:1874,0
DA:1877,0
DA:1879,0
DA:1880,0
DA:1882,0
DA:1885,0
DA:1886,0
DA:1888,0
DA:1891,0
DA:1893,0
DA:1894,0
DA:1896,0
DA:1899,0
DA:1900,0
DA:1902,0
DA:1905,0
DA:1907,0
DA:1908,0
DA:1910,0
DA:1911,0
DA:1916,0
DA:1917,0
DA:1919,0
DA:1925,1
DA:1927,0
DA:1929,0
DA:1930,0
DA:1931,0
DA:1933,0
DA:1935,0
DA:1937,0
DA:1939,0
DA:1940,0
DA:1942,0
DA:1945,0
DA:1947,0
DA:1949,0
DA:1951,0
DA:1953,0
DA:1954,0
DA:1956,0
DA:1959,0
DA:1960,0
DA:1962,0
DA:1965,0
DA:1967,0
DA:1969,0
DA:1971,0
DA:1973,0
DA:1975,0
DA:1980,0
DA:1982,0
DA:1985,2
DA:1987,2
DA:1989,2
DA:1991,2
DA:1992,2
DA:2026,0
DA:2038,0
DA:2040,0
DA:2041,0
DA:2042,0
DA:2044,0
DA:2045,0
DA:2048,0
DA:2049,0
DA:2050,0
DA:2053,0
DA:2054,0
DA:2057,0
DA:2058,0
DA:2060,0
DA:2061,0
DA:2062,0
DA:2066,0
DA:2067,0
DA:2068,0
DA:2069,0
DA:2070,0
DA:2071,0
DA:2072,0
DA:2074,0
DA:2075,0
DA:2076,0
DA:2077,0
DA:2078,0
DA:2079,0
DA:2083,0
DA:2087,0
DA:2088,0
DA:2089,0
DA:2090,0
DA:2091,0
DA:2092,0
DA:2094,0
DA:2095,0
DA:2096,0
DA:2097,0
DA:2099,0
DA:2100,0
DA:2102,0
DA:2103,0
DA:2104,0
DA:2107,0
DA:2109,0
DA:2110,0
DA:2111,0
DA:2112,0
DA:2113,0
DA:2114,0
DA:2116,0
DA:2117,0
DA:2118,0
DA:2119,0
DA:2121,0
DA:2122,0
DA:2124,0
DA:2125,0
DA:2126,0
DA:2130,0
DA:2141,0
DA:2142,0
DA:2143,0
DA:2144,0
DA:2145,0
DA:2146,0
DA:2147,0
DA:2148,0
DA:2149,0
DA:2150,0
DA:2151,0
DA:2153,0
DA:2154,0
DA:2155,0
DA:2156,0
DA:2157,0
DA:2158,0
DA:2159,0
DA:2160,0
DA:2161,0
DA:2162,0
DA:2163,0
DA:2164,0
DA:2165,0
DA:2166,0
DA:2170,0
DA:2172,0
DA:2173,0
DA:2174,0
DA:2175,0
DA:2176,0
DA:2177,0
DA:2178,0
DA:2179,0
DA:2180,0
DA:2181,0
DA:2182,0
DA:2183,0
DA:2184,0
DA:2187,0
DA:2188,0
DA:2189,0
DA:2190,0
DA:2191,0
DA:2192,0
DA:2193,0
DA:2194,0
DA:2195,0
DA:2196,0
DA:2197,0
DA:2198,0
DA:2200,0
DA:2203,0
DA:2204,0
DA:2205,0
DA:2206,0
DA:2207,0
DA:2208,0
DA:2209,0
DA:2210,0
DA:2211,0
DA:2212,0
DA:2213,0
DA:2228,0
DA:2241,0
DA:2253,0
DA:2254,0
DA:2255,0
DA:2256,0
DA:2257,0
DA:2270,0
DA:2271,0
DA:2272,0
DA:2273,0
DA:2274,0
DA:2275,0
DA:2276,0
DA:2277,0
DA:2278,0
DA:2279,0
DA:2280,0
DA:2281,0
DA:2285,0
DA:2298,0
DA:2299,0
DA:2300,0
DA:2301,0
DA:2302,0
DA:2303,0
DA:2304,0
DA:2305,0
DA:2306,0
DA:2307,0
DA:2308,0
DA:2309,0
DA:2313,0
DA:2315,0
DA:2316,0
DA:2317,0
DA:2319,0
DA:2320,0
DA:2322,0
DA:2323,0
DA:2324,0
DA:2327,0
DA:2328,0
DA:2330,0
DA:2331,0
DA:2333,0
DA:2334,0
DA:2335,0
DA:2338,0
DA:2339,0
DA:2340,0
DA:2343,0
DA:2344,0
DA:2346,0
DA:2347,0
DA:2349,0
DA:2350,0
DA:2352,0
DA:2353,0
DA:2358,0
DA:2360,0
DA:2361,0
DA:2362,0
DA:2363,0
DA:2364,0
DA:2365,0
DA:2366,0
DA:2367,0
DA:2368,0
DA:2369,0
DA:2370,0
DA:2371,0
DA:2372,0
DA:2373,0
DA:2382,1
DA:2385,2
DA:2387,1
DA:2392,1
DA:2398,2
DA:2400,1
DA:2409,2
DA:2411,1
DA:2420,2
DA:2422,1
DA:2432,2
DA:2434,1
DA:2443,2
DA:2445,1
DA:2454,2
DA:2456,1
DA:2465,2
DA:2467,1
DA:2477,2
DA:2479,1
DA:2483,2
DA:2485,1
DA:2486,1
DA:2487,1
DA:2488,1
DA:2489,1
DA:2490,1
DA:2491,1
DA:2492,1
DA:2493,1
DA:2494,1
DA:2495,1
DA:2497,1
DA:2498,2
DA:2499,1
DA:2502,1
DA:2507,1
DA:2508,1
DA:2509,1
DA:2510,0
DA:2512,1
DA:2513,1
DA:2515,3
DA:2518,0
DA:2520,1
DA:2521,1
DA:2523,2
DA:2524,1
DA:2529,0
DA:2531,1
DA:2532,1
DA:2534,2
DA:2535,1
DA:2540,1
DA:2541,1
DA:2543,2
DA:2544,1
DA:2549,0
DA:2551,1
DA:2552,1
DA:2554,2
DA:2555,1
DA:2560,0
DA:2562,1
DA:2563,1
DA:2565,3
DA:2568,0
DA:2570,1
DA:2571,1
DA:2573,3
DA:2576,1
DA:2577,0
DA:2579,0
DA:2585,1
DA:2586,1
DA:2587,1
DA:2589,0
DA:2590,1
DA:2591,3
DA:2593,2
DA:2595,3
DA:2597,2
DA:2599,3
DA:2601,2
DA:2603,3
DA:2605,2
DA:2607,3
DA:2609,2
DA:2611,3
DA:2613,2
DA:2615,3
DA:2617,2
DA:2619,3
DA:2621,2
DA:2623,3
DA:2625,2
DA:2630,0
DA:2632,0
DA:2646,1
DA:2657,0
DA:2659,0
DA:2660,0
DA:2661,0
DA:2662,0
DA:2663,0
DA:2664,0
DA:2665,0
DA:2666,0
DA:2667,0
DA:2668,0
DA:2672,0
DA:2673,0
DA:2674,0
DA:2675,0
DA:2676,0
DA:2677,0
DA:2678,0
DA:2679,0
DA:2680,0
DA:2681,0
DA:2682,0
DA:2686,0
DA:2690,0
DA:2691,0
DA:2692,0
DA:2693,0
DA:2694,0
DA:2695,0
DA:2696,0
DA:2697,0
DA:2698,0
DA:2699,0
DA:2700,0
DA:2703,0
DA:2705,0
DA:2706,0
DA:2707,0
DA:2708,0
DA:2709,0
DA:2710,0
DA:2711,0
DA:2712,0
DA:2713,0
DA:2714,0
DA:2715,0
DA:2719,0
DA:2729,0
DA:2730,0
DA:2731,0
DA:2732,0
DA:2733,0
DA:2734,0
DA:2735,0
DA:2736,0
DA:2737,0
DA:2738,0
DA:2740,0
DA:2741,0
DA:2742,0
DA:2743,0
DA:2744,0
DA:2745,0
DA:2746,0
DA:2747,0
DA:2748,0
DA:2749,0
DA:2750,0
DA:2751,0
DA:2752,0
DA:2753,0
DA:2754,0
DA:2755,0
DA:2756,0
DA:2757,0
DA:2758,0
DA:2759,0
DA:2760,0
DA:2761,0
DA:2762,0
DA:2766,0
DA:2768,0
DA:2769,0
DA:2770,0
DA:2771,0
DA:2772,0
DA:2773,0
DA:2774,0
DA:2775,0
DA:2776,0
DA:2777,0
DA:2778,0
DA:2779,0
DA:2782,0
DA:2783,0
DA:2784,0
DA:2785,0
DA:2786,0
DA:2787,0
DA:2788,0
DA:2789,0
DA:2790,0
DA:2791,0
DA:2792,0
DA:2794,0
DA:2797,0
DA:2798,0
DA:2799,0
DA:2800,0
DA:2801,0
DA:2802,0
DA:2803,0
DA:2804,0
DA:2805,0
DA:2806,0
DA:2819,1
DA:2830,0
DA:2840,0
DA:2841,0
DA:2842,0
DA:2843,0
DA:2844,0
DA:2845,0
DA:2856,0
DA:2857,0
DA:2858,0
DA:2859,0
DA:2860,0
DA:2861,0
DA:2862,0
DA:2863,0
DA:2864,0
DA:2865,0
DA:2869,0
DA:2880,0
DA:2881,0
DA:2882,0
DA:2883,0
DA:2884,0
DA:2885,0
DA:2886,0
DA:2887,0
DA:2888,0
DA:2889,0
DA:2893,1
DA:2895,1
DA:2896,2
DA:2897,0
DA:2899,2
DA:2900,4
DA:2902,2
DA:2903,4
DA:2905,2
DA:2906,4
DA:2908,2
DA:2909,4
DA:2911,2
DA:2912,4
DA:2914,2
DA:2915,4
DA:2917,2
DA:2918,4
DA:2920,2
DA:2921,0
DA:2926,0
DA:2928,0
DA:2929,0
DA:2930,0
DA:2931,0
DA:2932,0
DA:2933,0
DA:2934,0
DA:2935,0
DA:2936,0
DA:2937,0
DA:2938,0
DA:2939,0
DA:2944,2
DA:2945,0
DA:2946,2
DA:2947,2
DA:2948,2
DA:2949,2
DA:2950,2
DA:2951,0
DA:2953,0
DA:2954,1
DA:2955,1
DA:2956,1
DA:2957,1
DA:2958,1
DA:2959,1
DA:2960,1
DA:2962,1
DA:3015,0
DA:3022,0
DA:3023,0
DA:3024,0
DA:3027,0
DA:3028,0
DA:3029,0
DA:3032,0
DA:3033,0
DA:3034,0
DA:3037,0
DA:3038,0
DA:3039,0
DA:3042,0
DA:3043,0
DA:3044,0
DA:3047,0
DA:3048,0
DA:3049,0
DA:3052,0
DA:3053,0
DA:3054,0
DA:3057,0
DA:3058,0
DA:3059,0
DA:3062,0
DA:3063,0
DA:3064,0
DA:3067,0
DA:3068,0
DA:3069,0
DA:3072,0
DA:3073,0
DA:3074,0
DA:3077,0
DA:3078,0
DA:3079,0
DA:3082,0
DA:3083,0
DA:3084,0
DA:3087,0
DA:3088,0
DA:3089,0
DA:3092,0
DA:3093,0
DA:3094,0
DA:3097,0
DA:3098,0
DA:3099,0
DA:3105,0
DA:3112,0
DA:3113,0
DA:3114,0
DA:3117,0
DA:3118,0
DA:3119,0
DA:3122,0
DA:3123,0
DA:3124,0
DA:3127,0
DA:3128,0
DA:3129,0
DA:3132,0
DA:3133,0
DA:3134,0
DA:3137,0
DA:3138,0
DA:3139,0
DA:3142,0
DA:3143,0
DA:3144,0
DA:3147,0
DA:3148,0
DA:3149,0
DA:3152,0
DA:3153,0
DA:3154,0
DA:3157,0
DA:3158,0
DA:3159,0
DA:3162,0
DA:3163,0
DA:3164,0
DA:3167,0
DA:3168,0
DA:3169,0
DA:3172,0
DA:3173,0
DA:3174,0
DA:3177,0
DA:3178,0
DA:3179,0
DA:3182,0
DA:3183,0
DA:3184,0
DA:3187,0
DA:3188,0
DA:3189,0
DA:3195,0
DA:3202,0
DA:3203,0
DA:3205,0
DA:3206,0
DA:3208,0
DA:3209,0
DA:3211,0
DA:3212,0
DA:3214,0
DA:3215,0
DA:3217,0
DA:3218,0
DA:3220,0
DA:3221,0
DA:3223,0
DA:3224,0
DA:3225,0
DA:3228,0
DA:3229,0
DA:3231,0
DA:3232,0
DA:3234,0
DA:3235,0
DA:3237,0
DA:3238,0
DA:3239,0
DA:3242,0
DA:3243,0
DA:3244,0
DA:3247,0
DA:3248,0
DA:3249,0
DA:3252,0
DA:3253,0
DA:3254,0
DA:3257,0
DA:3258,0
DA:3279,0
DA:3280,0
DA:3281,0
DA:3284,0
DA:3285,0
DA:3286,0
DA:3287,0
DA:3288,0
DA:3289,0
DA:3291,0
DA:3308,0
DA:3327,0
DA:3344,0
DA:3362,0
DA:3363,0
DA:3364,0
DA:3402,0
DA:3404,0
DA:3406,0
DA:3407,0
DA:3408,0
DA:3411,0
DA:3412,0
DA:3413,0
DA:3414,0
DA:3415,0
DA:3417,0
DA:3418,0
DA:3419,0
DA:3425,0
DA:3432,0
DA:3433,0
DA:3434,0
DA:3437,0
DA:3438,0
DA:3439,0
DA:3442,0
DA:3443,0
DA:3444,0
DA:3447,0
DA:3450,0
DA:3452,0
DA:3453,0
DA:3454,0
DA:3456,0
DA:3460,0
DA:3461,0
DA:3462,0
DA:3469,0
DA:3474,0
DA:3481,0
DA:3482,0
DA:3483,0
DA:3486,0
DA:3487,0
DA:3488,0
DA:3491,0
DA:3492,0
DA:3493,0
DA:3499,0
DA:3506,0
DA:3507,0
DA:3509,0
DA:3510,0
DA:3512,0
DA:3513,0
DA:3515,0
DA:3518,0
DA:3520,0
DA:3521,0
DA:3522,0
DA:3524,0
DA:3528,0
DA:3529,0
DA:3530,0
DA:3537,0
DA:3556,0
DA:3557,0
DA:3558,0
DA:3561,0
DA:3562,0
DA:3563,0
DA:3564,0
DA:3565,0
DA:3566,0
DA:3568,0
DA:3572,0
DA:3574,0
DA:3578,0
DA:3583,0
DA:3584,0
DA:3585,0
DA:3586,0
DA:3588,0
DA:3589,0
DA:3590,0
DA:3592,0
DA:3594,0
DA:3595,0
DA:3597,0
DA:3599,0
DA:3602,0
DA:3603,0
DA:3604,0
DA:3605,0
DA:3657,0
DA:3659,0
DA:3660,0
DA:3662,0
DA:3663,0
DA:3665,0
DA:3666,0
DA:3667,0
DA:3668,0
DA:3669,0
DA:3671,0
DA:3672,0
DA:3679,0
DA:3686,0
DA:3687,0
DA:3688,0
DA:3691,0
DA:3692,0
DA:3693,0
DA:3696,0
DA:3697,0
DA:3698,0
DA:3701,0
DA:3702,0
DA:3703,0
DA:3706,0
DA:3707,0
DA:3708,0
DA:3711,0
DA:3712,0
DA:3713,0
DA:3714,0
DA:3717,0
DA:3718,0
DA:3719,0
DA:3722,0
DA:3723,0
DA:3724,0
DA:3727,0
DA:3728,0
DA:3730,0
DA:3731,0
DA:3732,0
DA:3734,0
DA:3738,0
DA:3739,0
DA:3740,0
DA:3753,0
DA:3760,0
DA:3761,0
DA:3762,0
DA:3765,0
DA:3766,0
DA:3767,0
DA:3770,0
DA:3771,0
DA:3772,0
DA:3775,0
DA:3776,0
DA:3777,0
DA:3780,0
DA:3781,0
DA:3782,0
DA:3785,0
DA:3786,0
DA:3787,0
DA:3790,0
DA:3791,0
DA:3792,0
DA:3795,0
DA:3796,0
DA:3797,0
DA:3800,0
DA:3801,0
DA:3803,0
DA:3804,0
DA:3805,0
DA:3807,0
DA:3811,0
DA:3812,0
DA:3813,0
DA:3826,0
DA:3833,0
DA:3834,0
DA:3836,0
DA:3837,0
DA:3838,0
DA:3841,0
DA:3842,0
DA:3843,0
DA:3846,0
DA:3847,0
DA:3849,0
DA:3850,0
DA:3852,0
DA:3853,0
DA:3855,0
DA:3856,0
DA:3857,0
DA:3860,0
DA:3861,0
DA:3863,0
DA:3864,0
DA:3866,0
DA:3867,0
DA:3868,0
DA:3870,0
DA:3874,0
DA:3875,0
DA:3876,0
DA:3902,0
DA:3903,0
DA:3904,0
DA:3907,0
DA:3908,0
DA:3909,0
DA:3910,0
DA:3911,0
DA:3912,0
DA:3914,0
DA:3924,0
DA:3936,0
DA:3946,0
DA:3957,0
DA:3958,0
DA:3959,0
DA:3960,0
DA:3962,0
DA:3963,0
DA:3964,0
DA:3966,0
DA:3982,0
DA:3985,0
DA:3987,0
DA:3989,0
DA:3991,0
DA:3992,0
DA:3999,0
DA:4000,0
DA:4053,0
DA:4060,0
DA:4061,0
DA:4062,0
DA:4065,0
DA:4066,0
DA:4067,0
DA:4070,0
DA:4071,0
DA:4072,0
DA:4073,0
DA:4076,0
DA:4077,0
DA:4078,0
DA:4081,0
DA:4082,0
DA:4083,0
DA:4086,0
DA:4087,0
DA:4088,0
DA:4089,0
DA:4092,0
DA:4093,0
DA:4094,0
DA:4095,0
DA:4098,0
DA:4099,0
DA:4100,0
DA:4103,0
DA:4104,0
DA:4105,0
DA:4108,0
DA:4109,0
DA:4110,0
DA:4116,0
DA:4123,0
DA:4124,0
DA:4125,0
DA:4128,0
DA:4129,0
DA:4130,0
DA:4133,0
DA:4134,0
DA:4135,0
DA:4138,0
DA:4139,0
DA:4140,0
DA:4143,0
DA:4144,0
DA:4145,0
DA:4148,0
DA:4149,0
DA:4150,0
DA:4153,0
DA:4154,0
DA:4155,0
DA:4158,0
DA:4159,0
DA:4160,0
DA:4163,0
DA:4164,0
DA:4165,0
DA:4168,0
DA:4169,0
DA:4170,0
DA:4176,0
DA:4183,0
DA:4184,0
DA:4186,0
DA:4187,0
DA:4189,0
DA:4190,0
DA:4192,0
DA:4193,0
DA:4195,0
DA:4196,0
DA:4198,0
DA:4199,0
DA:4201,0
DA:4202,0
DA:4204,0
DA:4205,0
DA:4207,0
DA:4208,0
DA:4209,0
DA:4212,0
DA:4213,0
DA:4234,0
DA:4235,0
DA:4236,0
DA:4239,0
DA:4240,0
DA:4241,0
DA:4242,0
DA:4243,0
DA:4244,0
DA:4246,0
DA:4258,0
DA:4272,0
DA:4284,0
DA:4297,0
DA:4298,0
DA:4299,0
DA:4349,0
DA:4356,0
DA:4357,0
DA:4358,0
DA:4361,0
DA:4362,0
DA:4363,0
DA:4366,0
DA:4367,0
DA:4368,0
DA:4371,0
DA:4372,0
DA:4373,0
DA:4376,0
DA:4377,0
DA:4378,0
DA:4381,0
DA:4382,0
DA:4383,0
DA:4386,0
DA:4387,0
DA:4388,0
DA:4391,0
DA:4392,0
DA:4393,0
DA:4396,0
DA:4397,0
DA:4398,0
DA:4404,0
DA:4411,0
DA:4412,0
DA:4413,0
DA:4416,0
DA:4417,0
DA:4418,0
DA:4421,0
DA:4422,0
DA:4423,0
DA:4426,0
DA:4427,0
DA:4428,0
DA:4431,0
DA:4432,0
DA:4433,0
DA:4436,0
DA:4437,0
DA:4438,0
DA:4441,0
DA:4442,0
DA:4443,0
DA:4446,0
DA:4447,0
DA:4448,0
DA:4451,0
DA:4452,0
DA:4453,0
DA:4459,0
DA:4466,0
DA:4467,0
DA:4469,0
DA:4470,0
DA:4472,0
DA:4473,0
DA:4474,0
DA:4477,0
DA:4478,0
DA:4479,0
DA:4482,0
DA:4483,0
DA:4484,0
DA:4487,0
DA:4488,0
DA:4489,0
DA:4492,0
DA:4493,0
DA:4494,0
DA:4497,0
DA:4498,0
DA:4499,0
DA:4502,0
DA:4503,0
DA:4524,0
DA:4525,0
DA:4526,0
DA:4529,0
DA:4530,0
DA:4531,0
DA:4532,0
DA:4533,0
DA:4534,0
DA:4536,0
DA:4546,0
DA:4558,0
DA:4568,0
DA:4579,0
DA:4580,0
DA:4581,0
DA:4604,0
DA:4605,0
DA:4606,0
DA:4607,0
DA:4608,0
DA:4609,0
DA:4610,0
DA:4611,0
DA:4612,0
DA:4613,0
LF:1999
LH:284
end_of_record
SF:lib/common/util/data/drift.dart
DA:17,2
DA:21,0
DA:22,0
DA:27,0
DA:28,0
DA:29,0
DA:30,0
DA:34,1
DA:37,1
DA:39,1
DA:40,0
DA:41,0
DA:42,0
DA:48,0
DA:51,0
DA:55,0
DA:56,0
DA:57,0
DA:58,0
DA:60,0
DA:62,0
DA:65,0
DA:68,0
DA:71,0
DA:72,0
DA:75,0
DA:78,0
DA:81,0
DA:82,0
DA:85,0
DA:87,0
DA:88,0
DA:89,0
DA:90,0
DA:94,0
DA:95,0
DA:96,0
DA:97,0
DA:101,0
DA:102,0
DA:103,0
DA:104,0
DA:109,0
DA:112,0
DA:113,0
DA:117,0
DA:119,0
DA:120,0
DA:122,0
DA:124,0
DA:125,0
DA:126,0
DA:128,0
DA:129,0
DA:133,0
DA:136,0
DA:137,0
DA:140,0
DA:141,0
DA:144,0
DA:145,0
DA:148,0
DA:149,0
DA:150,0
DA:153,0
DA:154,0
DA:155,0
DA:159,0
DA:162,0
DA:166,0
DA:168,0
DA:169,0
DA:172,0
DA:175,0
DA:178,0
DA:181,0
DA:182,0
DA:187,1
DA:188,2
DA:189,4
DA:190,2
DA:191,2
DA:192,1
DA:195,2
DA:196,1
DA:199,3
DA:201,1
DA:204,1
DA:205,3
DA:207,0
DA:208,0
DA:211,1
DA:212,7
LF:93
LH:18
end_of_record
SF:lib/timetable/admin/timetable_admin_screen.dart
DA:16,1
DA:18,1
DA:20,1
DA:28,1
DA:29,2
DA:31,1
DA:33,1
DA:34,1
DA:38,1
DA:39,2
DA:40,1
DA:41,1
DA:45,2
DA:46,2
DA:47,2
DA:48,1
DA:49,1
DA:52,0
DA:53,0
DA:54,0
DA:60,0
DA:62,0
DA:63,0
DA:64,0
DA:65,0
DA:66,0
DA:74,0
DA:75,0
DA:76,0
DA:83,0
DA:85,0
DA:86,0
DA:87,0
DA:88,0
DA:89,0
DA:97,0
DA:98,0
DA:99,0
DA:106,1
DA:107,1
DA:111,2
DA:112,1
DA:113,1
DA:114,1
DA:115,3
DA:123,0
DA:124,0
DA:125,0
DA:132,1
DA:133,1
DA:134,1
DA:135,2
DA:139,1
DA:140,1
DA:141,3
DA:144,1
DA:145,3
DA:162,1
DA:163,6
DA:167,0
DA:168,0
DA:169,0
DA:170,0
DA:172,0
DA:178,1
DA:179,1
DA:180,2
DA:181,2
DA:183,2
DA:184,3
DA:189,1
DA:191,1
DA:192,1
DA:194,1
DA:200,1
DA:201,1
DA:202,1
DA:208,1
DA:209,1
DA:210,0
DA:217,1
DA:218,1
DA:222,1
DA:223,0
DA:224,0
DA:226,0
DA:229,0
DA:230,0
DA:235,0
DA:236,0
DA:237,0
DA:248,2
DA:249,1
DA:252,1
DA:255,1
DA:256,1
DA:257,1
DA:259,1
DA:260,1
DA:263,1
DA:264,1
DA:269,1
DA:271,1
DA:273,1
DA:277,1
DA:279,1
DA:280,1
DA:288,1
DA:289,1
DA:291,4
DA:292,1
DA:294,1
DA:296,1
DA:297,1
DA:298,1
DA:299,1
DA:301,1
DA:303,1
DA:305,1
DA:307,1
DA:308,4
DA:309,1
DA:313,3
DA:314,1
DA:321,1
DA:322,2
DA:324,2
DA:326,1
DA:328,1
DA:331,1
DA:333,1
DA:335,1
DA:337,1
DA:338,1
DA:340,1
DA:343,1
DA:344,5
DA:345,1
DA:350,1
DA:351,1
DA:353,1
DA:354,1
DA:355,1
DA:359,2
DA:360,1
DA:361,1
DA:369,1
DA:371,1
DA:372,1
DA:373,0
DA:378,1
DA:379,3
DA:392,1
DA:393,7
LF:154
LH:115
end_of_record
SF:lib/timetable/data/drift_timetable_repository.dart
DA:19,1
DA:23,1
DA:27,1
DA:30,1
DA:32,2
DA:35,0
DA:37,0
DA:38,0
DA:39,0
DA:41,0
DA:42,0
DA:43,0
DA:46,0
DA:47,0
DA:48,0
DA:49,0
DA:55,1
DA:57,3
DA:59,2
DA:60,1
DA:62,2
DA:65,1
DA:71,0
DA:74,1
DA:76,1
DA:77,2
DA:78,1
DA:81,0
DA:83,0
DA:84,0
DA:85,0
DA:88,1
DA:90,2
DA:91,1
DA:95,1
DA:96,1
DA:97,1
DA:98,1
DA:99,1
DA:100,3
DA:101,1
DA:102,2
DA:103,2
DA:105,1
DA:106,2
DA:107,2
DA:109,1
DA:114,1
DA:115,1
DA:116,3
DA:117,2
DA:118,2
DA:119,2
DA:120,3
DA:121,7
DA:122,7
DA:123,2
DA:128,1
DA:129,3
DA:130,3
DA:131,3
LF:61
LH:45
end_of_record
SF:lib/timetable/model/lecture.dart
DA:9,6
DA:25,2
DA:36,0
DA:39,0
DA:48,0
DA:49,0
DA:50,0
DA:51,0
DA:52,0
DA:53,0
DA:54,0
DA:55,0
DA:59,0
DA:61,0
DA:62,0
DA:63,0
DA:66,1
DA:69,1
DA:70,3
DA:71,3
DA:72,3
DA:73,3
DA:74,5
DA:75,5
DA:76,5
DA:77,5
DA:78,3
DA:81,0
DA:83,0
DA:84,0
DA:85,0
DA:86,0
DA:87,0
DA:88,0
DA:89,0
DA:90,0
DA:91,0
DA:92,0
DA:102,0
DA:103,0
DA:109,0
DA:110,0
LF:42
LH:13
end_of_record
SF:lib/timetable/data/mappers/gsheets_mapper.dart
DA:25,0
DA:27,0
DA:30,0
DA:33,0
DA:36,0
DA:41,0
DA:42,0
DA:45,0
DA:50,0
DA:56,0
DA:57,0
DA:58,0
DA:59,0
DA:60,0
DA:61,0
DA:66,0
DA:72,0
DA:73,0
DA:74,0
DA:75,0
DA:76,0
DA:77,0
DA:82,0
DA:88,0
DA:89,0
DA:93,0
DA:97,0
DA:98,0
DA:104,0
DA:105,0
DA:109,0
DA:123,0
DA:124,0
DA:125,0
DA:126,0
DA:127,0
DA:128,0
DA:129,0
DA:130,0
DA:131,0
DA:139,0
DA:140,0
DA:144,0
DA:145,0
DA:149,0
DA:150,0
DA:151,0
DA:154,0
DA:160,0
DA:161,0
DA:162,0
DA:163,0
DA:170,0
DA:171,0
DA:172,0
DA:173,0
DA:182,0
DA:183,0
LF:58
LH:0
end_of_record
SF:lib/timetable/util/google_sheets.dart
DA:21,0
DA:35,0
DA:37,0
DA:40,0
DA:42,0
DA:43,0
DA:44,0
DA:45,0
DA:47,0
DA:48,0
DA:52,0
DA:53,0
DA:54,0
DA:55,0
DA:56,0
DA:58,0
DA:59,0
DA:63,0
DA:64,0
DA:66,0
DA:68,0
DA:69,0
DA:70,0
DA:72,0
DA:75,0
DA:77,0
DA:79,0
DA:80,0
DA:82,0
DA:83,0
DA:88,0
DA:89,0
DA:90,0
DA:93,0
DA:99,0
DA:100,0
DA:101,0
DA:102,0
DA:108,0
DA:109,0
DA:110,0
DA:111,0
DA:112,0
DA:113,0
DA:114,0
DA:115,0
DA:116,0
DA:117,0
DA:121,0
DA:126,0
DA:127,0
DA:138,0
DA:143,0
DA:144,0
DA:152,0
DA:155,0
DA:157,0
DA:163,0
DA:164,0
DA:165,0
DA:166,0
DA:171,0
DA:172,0
DA:173,0
DA:177,0
DA:178,0
DA:179,0
DA:182,0
DA:184,0
DA:187,0
DA:189,0
DA:190,0
DA:191,0
DA:193,0
DA:194,0
DA:195,0
DA:197,0
DA:198,0
DA:199,0
DA:200,0
DA:203,0
DA:204,0
DA:210,0
DA:211,0
DA:215,0
DA:217,0
DA:218,0
DA:219,0
LF:88
LH:0
end_of_record
SF:lib/common/const/style.dart
DA:57,0
DA:60,0
DA:61,0
DA:62,0
DA:63,0
DA:67,0
LF:6
LH:0
end_of_record
SF:lib/common/util/data/updaters.dart
DA:5,4
DA:6,1
DA:9,0
DA:10,0
DA:14,0
DA:15,0
DA:16,0
DA:17,0
DA:22,0
DA:23,0
DA:24,0
LF:11
LH:2
end_of_record
SF:lib/timetable/component/lecture_box.dart
DA:18,0
DA:31,0
DA:37,0
DA:41,0
DA:42,0
DA:43,0
DA:44,0
DA:45,0
DA:50,0
DA:53,0
DA:55,0
DA:56,0
DA:57,0
DA:59,0
DA:62,0
DA:63,0
DA:64,0
DA:65,0
DA:66,0
DA:67,0
DA:68,0
DA:70,0
DA:72,0
DA:73,0
DA:74,0
DA:75,0
DA:76,0
DA:82,0
DA:83,0
DA:84,0
DA:85,0
LF:31
LH:0
end_of_record
SF:lib/timetable/component/timetable.dart
DA:11,0
DA:13,0
DA:14,0
DA:21,0
DA:23,0
DA:24,0
DA:27,0
DA:29,0
DA:30,0
DA:33,0
DA:35,0
DA:36,0
DA:44,0
DA:46,0
DA:47,0
DA:49,0
DA:53,0
DA:56,0
DA:57,0
DA:58,0
DA:59,0
DA:62,0
DA:65,0
DA:68,0
DA:71,0
DA:72,0
LF:26
LH:0
end_of_record
SF:lib/timetable/timetable_layout.dart
DA:11,0
DA:26,0
DA:33,0
DA:35,0
DA:37,0
DA:38,0
DA:39,0
DA:40,0
DA:42,0
DA:43,0
DA:44,0
DA:46,0
DA:49,0
DA:50,0
DA:51,0
DA:54,0
DA:91,0
DA:93,0
DA:97,0
DA:99,0
DA:108,0
DA:113,0
DA:114,0
DA:115,0
DA:116,0
DA:117,0
DA:118,0
DA:122,0
DA:123,0
DA:124,0
DA:126,0
DA:127,0
DA:128,0
DA:129,0
DA:131,0
DA:132,0
DA:143,0
DA:149,0
DA:151,0
DA:153,0
DA:154,0
DA:155,0
DA:157,0
DA:159,0
DA:160,0
DA:161,0
DA:163,0
DA:173,0
DA:174,0
DA:175,0
DA:176,0
DA:177,0
DA:179,0
DA:180,0
DA:181,0
DA:182,0
DA:186,0
DA:187,0
DA:188,0
DA:190,0
DA:195,0
DA:199,0
LF:62
LH:0
end_of_record
SF:lib/common/component/custom_dialog.dart
DA:13,1
DA:23,1
DA:25,5
DA:26,5
DA:28,1
DA:29,1
DA:30,1
DA:34,2
DA:37,1
DA:41,1
DA:43,1
DA:44,2
DA:45,2
DA:52,1
DA:53,1
DA:56,1
DA:57,1
DA:61,1
DA:62,2
DA:63,2
DA:67,1
DA:68,1
DA:70,1
DA:71,1
DA:72,1
DA:73,1
DA:78,1
DA:79,1
DA:80,1
DA:85,1
DA:86,0
DA:87,0
LF:32
LH:30
end_of_record
SF:lib/common/component/custom_text_form_field.dart
DA:15,1
DA:28,1
DA:29,1
DA:35,1
DA:37,1
DA:38,4
DA:41,0
DA:43,0
DA:44,0
DA:45,0
DA:49,1
DA:51,2
DA:52,1
DA:55,1
DA:57,1
DA:59,1
DA:60,2
DA:61,3
DA:62,1
DA:66,3
DA:67,1
DA:68,1
DA:69,2
DA:70,2
DA:72,2
DA:73,2
DA:74,2
DA:75,1
DA:76,1
DA:77,2
DA:78,2
DA:79,1
DA:85,1
DA:86,1
LF:34
LH:30
end_of_record
SF:lib/common/util/data/model/basicInfo.dart
DA:5,0
DA:8,0
DA:9,0
DA:10,0
DA:11,0
DA:12,0
DA:16,0
DA:17,0
DA:19,0
DA:20,0
DA:25,0
DA:26,0
DA:27,0
DA:28,0
DA:29,0
DA:37,0
DA:38,0
DA:39,0
LF:18
LH:0
end_of_record
SF:lib/common/util/data/model/button.dart
DA:18,0
DA:21,0
DA:22,0
DA:25,0
DA:28,0
DA:29,0
DA:30,0
DA:33,0
DA:36,0
DA:40,0
DA:41,0
DA:44,0
DA:47,0
LF:13
LH:0
end_of_record
SF:lib/common/util/data/model/button_with_page.dart
DA:7,0
LF:1
LH:0
end_of_record
SF:lib/common/util/data/model/page.dart
DA:5,0
DA:8,0
DA:11,0
LF:3
LH:0
end_of_record
SF:lib/common/util/data/model/media_item.dart
DA:12,0
DA:15,0
DA:18,0
DA:21,0
DA:25,0
DA:28,0
DA:29,0
DA:34,0
DA:37,0
DA:40,0
DA:41,0
DA:43,0
LF:12
LH:0
end_of_record
SF:lib/common/util/data/model/timetable.dart
DA:4,0
DA:5,0
DA:6,0
DA:7,0
DA:8,0
DA:9,0
DA:10,0
DA:11,0
DA:12,0
DA:13,0
LF:10
LH:0
end_of_record
SF:lib/timetable/admin/lecture_form_dialog.dart
DA:16,1
DA:18,1
DA:19,1
DA:31,3
DA:33,1
DA:35,1
DA:36,2
DA:37,2
DA:38,1
DA:40,2
DA:41,1
DA:43,2
DA:44,2
DA:45,2
DA:46,2
DA:49,1
DA:51,2
DA:52,2
DA:53,1
DA:56,1
DA:57,7
DA:60,0
DA:61,0
DA:62,0
DA:65,0
DA:66,0
DA:67,0
DA:81,0
DA:83,0
DA:85,0
DA:91,0
DA:92,0
DA:93,0
DA:94,0
DA:97,1
DA:98,3
DA:99,0
DA:100,0
DA:109,0
DA:110,0
DA:111,0
DA:112,0
DA:113,0
DA:114,0
DA:115,0
DA:116,0
DA:119,0
DA:120,0
DA:124,1
DA:126,1
DA:127,1
DA:130,1
DA:132,1
DA:133,1
DA:134,1
DA:135,1
DA:137,1
DA:139,1
DA:142,2
DA:143,3
DA:149,1
DA:150,2
DA:151,1
DA:152,2
DA:167,1
DA:170,2
DA:171,0
DA:176,1
DA:178,1
DA:180,4
DA:181,0
DA:183,0
DA:190,1
DA:192,1
DA:193,0
DA:198,1
DA:200,1
DA:201,0
DA:206,1
DA:210,1
DA:212,1
DA:213,1
DA:214,3
DA:215,1
DA:216,1
DA:223,1
DA:224,1
DA:225,1
DA:230,1
DA:231,1
DA:232,1
DA:247,1
DA:254,1
DA:256,1
DA:257,1
DA:266,1
DA:268,1
DA:270,1
DA:271,1
DA:273,1
DA:278,2
DA:279,1
DA:281,2
DA:283,1
DA:291,1
DA:296,1
DA:298,1
DA:299,1
DA:308,1
DA:310,1
DA:312,1
DA:314,1
DA:315,1
DA:317,1
DA:319,1
DA:320,1
DA:321,1
DA:333,1
DA:334,1
DA:336,1
DA:346,1
DA:349,3
DA:350,2
DA:351,1
DA:352,0
DA:353,0
DA:355,1
DA:358,1
DA:359,1
DA:360,1
DA:361,1
LF:131
LH:99
end_of_record
